<?xml version="1.0" encoding="UTF-8"?>
<!-- Generated by org.testng.reporters.JUnitReportReporter -->
<testsuite hostname="Shalinis-MacBook-Pro.local" failures="0" tests="5" name="com.evaluagent.app.Tests.LoginTest" time="104.018" errors="1" timestamp="15 Dec 2023 09:04:46 GMT" skipped="3">
  <testcase classname="com.evaluagent.app.Tests.LoginTest" name="submitOrder" time="23.582">
    <skipped/>
  </testcase> <!-- submitOrder -->
  <testcase classname="com.evaluagent.app.Tests.LoginTest" name="tearDown" time="1.217">
    <error message="Tried to run command without establishing a connection
Build info: version: &#039;4.14.0&#039;, revision: &#039;e5a96349ce&#039;
System info: os.name: &#039;Mac OS X&#039;, os.arch: &#039;x86_64&#039;, os.version: &#039;14.1&#039;, java.version: &#039;17.0.9&#039;
Driver info: org.openqa.selenium.remote.RemoteWebDriver
Command: [de5a2348-3d57-41fd-b95f-5a7a7658a610, quit {}]
Capabilities {acceptInsecureCerts: false, browserName: firefox, browserVersion: 120.0.1, moz:accessibilityChecks: false, moz:buildID: 20231129155202, moz:geckodriverVersion: 0.33.0, moz:headless: false, moz:platformVersion: 6.4.16-linuxkit, moz:processID: 1961, moz:profile: /tmp/rust_mozprofilekaKyPx, moz:shutdownTimeout: 60000, moz:webdriverClick: true, moz:windowless: false, pageLoadStrategy: normal, platformName: linux, proxy: Proxy(), se:bidiEnabled: false, se:cdp: ws://172.20.0.5:4444/sessio..., se:noVncPort: 7900, se:vnc: ws://172.20.0.5:4444/sessio..., se:vncEnabled: true, se:vncLocalAddress: ws://172.20.0.5:7900, setWindowRect: true, strictFileInteractability: false, timeouts: {implicit: 0, pageLoad: 300000, script: 30000}, unhandledPromptBehavior: dismiss and notify}" type="org.openqa.selenium.NoSuchSessionException">
      <![CDATA[org.openqa.selenium.NoSuchSessionException: Tried to run command without establishing a connection
Build info: version: '4.14.0', revision: 'e5a96349ce'
System info: os.name: 'Mac OS X', os.arch: 'x86_64', os.version: '14.1', java.version: '17.0.9'
Driver info: org.openqa.selenium.remote.RemoteWebDriver
Command: [de5a2348-3d57-41fd-b95f-5a7a7658a610, quit {}]
Capabilities {acceptInsecureCerts: false, browserName: firefox, browserVersion: 120.0.1, moz:accessibilityChecks: false, moz:buildID: 20231129155202, moz:geckodriverVersion: 0.33.0, moz:headless: false, moz:platformVersion: 6.4.16-linuxkit, moz:processID: 1961, moz:profile: /tmp/rust_mozprofilekaKyPx, moz:shutdownTimeout: 60000, moz:webdriverClick: true, moz:windowless: false, pageLoadStrategy: normal, platformName: linux, proxy: Proxy(), se:bidiEnabled: false, se:cdp: ws://172.20.0.5:4444/sessio..., se:noVncPort: 7900, se:vnc: ws://172.20.0.5:4444/sessio..., se:vncEnabled: true, se:vncLocalAddress: ws://172.20.0.5:7900, setWindowRect: true, strictFileInteractability: false, timeouts: {implicit: 0, pageLoad: 300000, script: 30000}, unhandledPromptBehavior: dismiss and notify}
at java.base/jdk.internal.reflect.NativeConstructorAccessorImpl.newInstance0(Native Method)
at java.base/jdk.internal.reflect.NativeConstructorAccessorImpl.newInstance(NativeConstructorAccessorImpl.java:77)
at java.base/jdk.internal.reflect.DelegatingConstructorAccessorImpl.newInstance(DelegatingConstructorAccessorImpl.java:45)
at java.base/java.lang.reflect.Constructor.newInstanceWithCaller(Constructor.java:499)
at java.base/java.lang.reflect.Constructor.newInstance(Constructor.java:480)
at org.openqa.selenium.remote.codec.w3c.W3CHttpResponseCodec.createException(W3CHttpResponseCodec.java:200)
at org.openqa.selenium.remote.codec.w3c.W3CHttpResponseCodec.decode(W3CHttpResponseCodec.java:133)
at org.openqa.selenium.remote.codec.w3c.W3CHttpResponseCodec.decode(W3CHttpResponseCodec.java:52)
at org.openqa.selenium.remote.HttpCommandExecutor.execute(HttpCommandExecutor.java:191)
at org.openqa.selenium.remote.TracedCommandExecutor.execute(TracedCommandExecutor.java:51)
at org.openqa.selenium.remote.RemoteWebDriver.execute(RemoteWebDriver.java:602)
at org.openqa.selenium.remote.RemoteWebDriver.execute(RemoteWebDriver.java:675)
at org.openqa.selenium.remote.RemoteWebDriver.execute(RemoteWebDriver.java:679)
at org.openqa.selenium.remote.RemoteWebDriver.quit(RemoteWebDriver.java:437)
at com.evaluagent.app.TestComponents.BaseTest.tearDown(BaseTest.java:130)
at java.base/jdk.internal.reflect.NativeMethodAccessorImpl.invoke0(Native Method)
at java.base/jdk.internal.reflect.NativeMethodAccessorImpl.invoke(NativeMethodAccessorImpl.java:77)
at java.base/jdk.internal.reflect.DelegatingMethodAccessorImpl.invoke(DelegatingMethodAccessorImpl.java:43)
at java.base/java.lang.reflect.Method.invoke(Method.java:568)
at org.testng.internal.MethodInvocationHelper.invokeMethod(MethodInvocationHelper.java:124)
at org.testng.internal.MethodInvocationHelper.invokeMethodConsideringTimeout(MethodInvocationHelper.java:59)
at org.testng.internal.Invoker.invokeConfigurationMethod(Invoker.java:458)
at org.testng.internal.Invoker.invokeConfigurations(Invoker.java:222)
at org.testng.internal.Invoker.invokeMethod(Invoker.java:646)
at org.testng.internal.Invoker.invokeTestMethod(Invoker.java:719)
at org.testng.internal.Invoker.invokeTestMethods(Invoker.java:989)
at org.testng.internal.TestMethodWorker.invokeTestMethods(TestMethodWorker.java:125)
at org.testng.internal.TestMethodWorker.run(TestMethodWorker.java:109)
at org.testng.TestRunner.privateRun(TestRunner.java:648)
at org.testng.TestRunner.run(TestRunner.java:505)
at org.testng.SuiteRunner.runTest(SuiteRunner.java:455)
at org.testng.SuiteRunner.access$000(SuiteRunner.java:40)
at org.testng.SuiteRunner$SuiteWorker.run(SuiteRunner.java:489)
at org.testng.internal.thread.ThreadUtil$1.call(ThreadUtil.java:52)
at java.base/java.util.concurrent.FutureTask.run(FutureTask.java:264)
at java.base/java.util.concurrent.ThreadPoolExecutor.runWorker(ThreadPoolExecutor.java:1136)
at java.base/java.util.concurrent.ThreadPoolExecutor$Worker.run(ThreadPoolExecutor.java:635)
at java.base/java.lang.Thread.run(Thread.java:840)
]]>
    </error>
  </testcase> <!-- tearDown -->
  <testcase classname="com.evaluagent.app.Tests.LoginTest" name="submitOrder" time="27.593"/>
  <testcase classname="com.evaluagent.app.Tests.LoginTest" name="submitOrder" time="13.414">
    <skipped/>
  </testcase> <!-- submitOrder -->
  <testcase classname="com.evaluagent.app.Tests.LoginTest" name="submitOrder" time="38.212">
    <skipped/>
  </testcase> <!-- submitOrder -->
</testsuite> <!-- com.evaluagent.app.Tests.LoginTest -->
